::1 - - [15/Feb/2018:20:39:52 -0200] "GET / HTTP/1.1" 200 58
::1 - - [15/Feb/2018:20:39:53 -0200] "GET /favicon.ico HTTP/1.1" 404 209
::1 - - [15/Feb/2018:20:39:53 -0200] "GET /view/home.php HTTP/1.1" 200 2367
::1 - - [15/Feb/2018:20:39:54 -0200] "GET /view/css/style.css HTTP/1.1" 200 116
::1 - - [15/Feb/2018:20:40:56 -0200] "GET /view/candidatos.php HTTP/1.1" 200 2966
::1 - - [15/Feb/2018:20:43:31 -0200] "GET /view/candidatos.php?cpf=182.845.084-34&entidade=candidato HTTP/1.1" 200 3093
::1 - - [15/Feb/2018:20:43:31 -0200] "GET /view/candidatosTable.php?cpf=182.845.084-34&entidade=candidato HTTP/1.1" 200 5200
::1 - - [15/Feb/2018:20:44:10 -0200] "GET /view/candidatosTable.php?cpf=182.845.084-34&entidade=candidato&pg=100 HTTP/1.1" 200 4607
::1 - - [15/Feb/2018:20:44:21 -0200] "GET /view/candidatosTable.php?cpf=182.845.084-34&entidade=candidato&pg=1 HTTP/1.1" 200 5200
::1 - - [15/Feb/2018:20:44:44 -0200] "GET /view/candidatosTable.php?cpf=182.845.084-34&entidade=candidato&pg=1 HTTP/1.1" 200 5486
::1 - - [15/Feb/2018:20:44:46 -0200] "GET /view/css/style.css HTTP/1.1" 304 -
::1 - - [15/Feb/2018:20:45:20 -0200] "GET /view/candidatos.php HTTP/1.1" 200 2966
::1 - - [15/Feb/2018:20:45:26 -0200] "GET /view/candidatos.php?cpf=182.845.084-34&entidade=candidato HTTP/1.1" 200 3093
::1 - - [15/Feb/2018:20:45:27 -0200] "GET /view/candidatosTable.php?cpf=182.845.084-34&entidade=candidato HTTP/1.1" 200 6274
::1 - - [15/Feb/2018:20:45:32 -0200] "GET /view/candidatosTable.php?cpf=182.845.084-34&entidade=candidato&pg=100 HTTP/1.1" 200 5051
::1 - - [15/Feb/2018:20:45:40 -0200] "GET /view/candidatosTable.php?cpf=182.845.084-34&entidade=candidato&pg=1 HTTP/1.1" 200 6274
::1 - - [15/Feb/2018:20:46:08 -0200] "GET /view/candidatosTable.php?cpf=182.845.084-34&entidade=candidato&pg=100 HTTP/1.1" 200 5051
::1 - - [15/Feb/2018:20:46:12 -0200] "GET /view/candidatosTable.php?cpf=182.845.084-34&entidade=candidato&pg=99 HTTP/1.1" 200 5361
::1 - - [15/Feb/2018:20:46:21 -0200] "GET /view/candidatosTable.php?cpf=182.845.084-34&entidade=candidato&pg=100 HTTP/1.1" 200 5051
::1 - - [15/Feb/2018:20:48:13 -0200] "GET /view/concursos.php HTTP/1.1" 200 3006
::1 - - [15/Feb/2018:20:48:17 -0200] "GET /view/concursos.php?cod_concurso=61828450843&entidade=concurso HTTP/1.1" 200 3137
::1 - - [15/Feb/2018:20:48:17 -0200] "GET /view/concursosTable.php?cod_concurso=61828450843&entidade=concurso HTTP/1.1" 200 6341
::1 - - [15/Feb/2018:20:48:24 -0200] "GET /view/concursosTable.php?cod_concurso=61828450843&entidade=concurso&pg=1000 HTTP/1.1" 200 5371
::1 - - [15/Feb/2018:20:48:34 -0200] "GET /view/concursosTable.php?cod_concurso=61828450843&entidade=concurso&pg=993 HTTP/1.1" 200 6458
::1 - - [15/Feb/2018:20:48:51 -0200] "GET /view/concursosTable.php?cod_concurso=61828450843&entidade=concurso&pg=989 HTTP/1.1" 200 6590
::1 - - [15/Feb/2018:20:49:03 -0200] "GET /view/concursosTable.php?cod_concurso=61828450843&entidade=concurso&pg=988 HTTP/1.1" 200 6595
::1 - - [15/Feb/2018:20:49:16 -0200] "GET /view/concursosTable.php?cod_concurso=61828450843&entidade=concurso&pg=986 HTTP/1.1" 200 6625
::1 - - [15/Feb/2018:20:49:29 -0200] "GET /view/concursosTable.php?cod_concurso=61828450843&entidade=concurso&pg=982 HTTP/1.1" 200 6511
::1 - - [15/Feb/2018:20:49:44 -0200] "GET /view/candidatos.php HTTP/1.1" 200 2966
::1 - - [15/Feb/2018:20:50:37 -0200] "GET /view/home.php HTTP/1.1" 200 2367
::1 - - [15/Feb/2018:20:52:03 -0200] "GET /view/home.php HTTP/1.1" 200 2504
::1 - - [15/Feb/2018:20:52:04 -0200] "GET /view/css/style.css HTTP/1.1" 304 -
